::1 - - [10/Mar/2020:15:01:28 +0000] "GET / HTTP/1.1" 304 - "-" "Mozilla/5.0 (Macintosh; Intel Mac OS X 10_13_4) AppleWebKit/537.36 (KHTML, like Gecko) Chrome/80.0.3987.122 Safari/537.36"
::1 - - [10/Mar/2020:15:01:28 +0000] "GET /css/app.css HTTP/1.1" 304 - "http://localhost:3001/" "Mozilla/5.0 (Macintosh; Intel Mac OS X 10_13_4) AppleWebKit/537.36 (KHTML, like Gecko) Chrome/80.0.3987.122 Safari/537.36"
::1 - - [10/Mar/2020:15:01:28 +0000] "GET /js/appClient.js HTTP/1.1" 304 - "http://localhost:3001/" "Mozilla/5.0 (Macintosh; Intel Mac OS X 10_13_4) AppleWebKit/537.36 (KHTML, like Gecko) Chrome/80.0.3987.122 Safari/537.36"
::1 - - [10/Mar/2020:15:01:28 +0000] "GET /public/config/local.js HTTP/1.1" 404 782 "http://localhost:3001/" "Mozilla/5.0 (Macintosh; Intel Mac OS X 10_13_4) AppleWebKit/537.36 (KHTML, like Gecko) Chrome/80.0.3987.122 Safari/537.36"
::1 - - [10/Mar/2020:15:01:28 +0000] "GET /assets/logo.png HTTP/1.1" 304 - "http://localhost:3001/" "Mozilla/5.0 (Macintosh; Intel Mac OS X 10_13_4) AppleWebKit/537.36 (KHTML, like Gecko) Chrome/80.0.3987.122 Safari/537.36"
::1 - - [10/Mar/2020:15:25:12 +0000] "GET / HTTP/1.1" 200 - "-" "Mozilla/5.0 (Macintosh; Intel Mac OS X 10_13_4) AppleWebKit/537.36 (KHTML, like Gecko) Chrome/80.0.3987.122 Safari/537.36"
::1 - - [10/Mar/2020:15:25:12 +0000] "GET /css/app.css HTTP/1.1" 200 - "https://localhost:3001/" "Mozilla/5.0 (Macintosh; Intel Mac OS X 10_13_4) AppleWebKit/537.36 (KHTML, like Gecko) Chrome/80.0.3987.122 Safari/537.36"
::1 - - [10/Mar/2020:15:25:13 +0000] "GET /js/appClient.js HTTP/1.1" 200 - "https://localhost:3001/" "Mozilla/5.0 (Macintosh; Intel Mac OS X 10_13_4) AppleWebKit/537.36 (KHTML, like Gecko) Chrome/80.0.3987.122 Safari/537.36"
::1 - - [10/Mar/2020:15:25:13 +0000] "GET /public/config/local.js HTTP/1.1" 404 782 "https://localhost:3001/" "Mozilla/5.0 (Macintosh; Intel Mac OS X 10_13_4) AppleWebKit/537.36 (KHTML, like Gecko) Chrome/80.0.3987.122 Safari/537.36"
::1 - - [10/Mar/2020:15:25:13 +0000] "GET /assets/logo.png HTTP/1.1" 200 64904 "https://localhost:3001/" "Mozilla/5.0 (Macintosh; Intel Mac OS X 10_13_4) AppleWebKit/537.36 (KHTML, like Gecko) Chrome/80.0.3987.122 Safari/537.36"
::1 - - [10/Mar/2020:15:25:13 +0000] "GET /assets/background.png HTTP/1.1" 200 966890 "https://localhost:3001/css/app.css" "Mozilla/5.0 (Macintosh; Intel Mac OS X 10_13_4) AppleWebKit/537.36 (KHTML, like Gecko) Chrome/80.0.3987.122 Safari/537.36"
::1 - - [10/Mar/2020:15:25:13 +0000] "GET /favicon.ico HTTP/1.1" 404 782 "https://localhost:3001/" "Mozilla/5.0 (Macintosh; Intel Mac OS X 10_13_4) AppleWebKit/537.36 (KHTML, like Gecko) Chrome/80.0.3987.122 Safari/537.36"
::1 - - [10/Mar/2020:15:25:13 +0000] "GET /assets/background.png HTTP/1.1" 200 966890 "-" "Mozilla/5.0 (Macintosh; Intel Mac OS X 10_13_4) AppleWebKit/537.36 (KHTML, like Gecko) Chrome/80.0.3987.122 Safari/537.36"
::1 - - [10/Mar/2020:15:27:35 +0000] "GET / HTTP/1.1" 200 - "-" "Mozilla/5.0 (Macintosh; Intel Mac OS X 10_13_4) AppleWebKit/537.36 (KHTML, like Gecko) Chrome/80.0.3987.122 Safari/537.36"
::1 - - [10/Mar/2020:15:27:35 +0000] "GET /css/app.css HTTP/1.1" 200 - "https://localhost:3001/" "Mozilla/5.0 (Macintosh; Intel Mac OS X 10_13_4) AppleWebKit/537.36 (KHTML, like Gecko) Chrome/80.0.3987.122 Safari/537.36"
::1 - - [10/Mar/2020:15:27:35 +0000] "GET /js/appClient.js HTTP/1.1" 200 - "https://localhost:3001/" "Mozilla/5.0 (Macintosh; Intel Mac OS X 10_13_4) AppleWebKit/537.36 (KHTML, like Gecko) Chrome/80.0.3987.122 Safari/537.36"
::1 - - [10/Mar/2020:15:27:35 +0000] "GET /public/config/local.js HTTP/1.1" 404 782 "https://localhost:3001/" "Mozilla/5.0 (Macintosh; Intel Mac OS X 10_13_4) AppleWebKit/537.36 (KHTML, like Gecko) Chrome/80.0.3987.122 Safari/537.36"
::1 - - [10/Mar/2020:15:27:35 +0000] "GET /assets/logo.png HTTP/1.1" 200 64904 "https://localhost:3001/" "Mozilla/5.0 (Macintosh; Intel Mac OS X 10_13_4) AppleWebKit/537.36 (KHTML, like Gecko) Chrome/80.0.3987.122 Safari/537.36"
::1 - - [10/Mar/2020:15:27:35 +0000] "GET /assets/background.png HTTP/1.1" 200 966890 "https://localhost:3001/css/app.css" "Mozilla/5.0 (Macintosh; Intel Mac OS X 10_13_4) AppleWebKit/537.36 (KHTML, like Gecko) Chrome/80.0.3987.122 Safari/537.36"
::1 - - [10/Mar/2020:15:28:56 +0000] "GET / HTTP/1.1" 200 - "-" "Mozilla/5.0 (Macintosh; Intel Mac OS X 10_13_4) AppleWebKit/537.36 (KHTML, like Gecko) Chrome/80.0.3987.122 Safari/537.36"
::1 - - [10/Mar/2020:15:28:56 +0000] "GET /css/app.css HTTP/1.1" 304 - "https://localhost:3001/" "Mozilla/5.0 (Macintosh; Intel Mac OS X 10_13_4) AppleWebKit/537.36 (KHTML, like Gecko) Chrome/80.0.3987.122 Safari/537.36"
::1 - - [10/Mar/2020:15:28:56 +0000] "GET /js/appClient.js HTTP/1.1" 200 - "https://localhost:3001/" "Mozilla/5.0 (Macintosh; Intel Mac OS X 10_13_4) AppleWebKit/537.36 (KHTML, like Gecko) Chrome/80.0.3987.122 Safari/537.36"
::1 - - [10/Mar/2020:15:28:56 +0000] "GET /public/config/local.js HTTP/1.1" 404 782 "https://localhost:3001/" "Mozilla/5.0 (Macintosh; Intel Mac OS X 10_13_4) AppleWebKit/537.36 (KHTML, like Gecko) Chrome/80.0.3987.122 Safari/537.36"
::1 - - [10/Mar/2020:15:28:56 +0000] "GET /assets/logo.png HTTP/1.1" 304 - "https://localhost:3001/" "Mozilla/5.0 (Macintosh; Intel Mac OS X 10_13_4) AppleWebKit/537.36 (KHTML, like Gecko) Chrome/80.0.3987.122 Safari/537.36"
::1 - - [10/Mar/2020:15:28:57 +0000] "GET /choose-format HTTP/1.1" 200 - "https://localhost:3001/" "Mozilla/5.0 (Macintosh; Intel Mac OS X 10_13_4) AppleWebKit/537.36 (KHTML, like Gecko) Chrome/80.0.3987.122 Safari/537.36"
::1 - - [10/Mar/2020:15:28:57 +0000] "GET /css/app.css HTTP/1.1" 304 - "https://localhost:3001/choose-format" "Mozilla/5.0 (Macintosh; Intel Mac OS X 10_13_4) AppleWebKit/537.36 (KHTML, like Gecko) Chrome/80.0.3987.122 Safari/537.36"
::1 - - [10/Mar/2020:15:28:57 +0000] "GET /js/appClient.js HTTP/1.1" 304 - "https://localhost:3001/choose-format" "Mozilla/5.0 (Macintosh; Intel Mac OS X 10_13_4) AppleWebKit/537.36 (KHTML, like Gecko) Chrome/80.0.3987.122 Safari/537.36"
::1 - - [10/Mar/2020:15:28:57 +0000] "GET /public/config/local.js HTTP/1.1" 404 782 "https://localhost:3001/choose-format" "Mozilla/5.0 (Macintosh; Intel Mac OS X 10_13_4) AppleWebKit/537.36 (KHTML, like Gecko) Chrome/80.0.3987.122 Safari/537.36"
::1 - - [10/Mar/2020:15:28:57 +0000] "GET /assets/icons/home.png HTTP/1.1" 200 47646 "https://localhost:3001/choose-format" "Mozilla/5.0 (Macintosh; Intel Mac OS X 10_13_4) AppleWebKit/537.36 (KHTML, like Gecko) Chrome/80.0.3987.122 Safari/537.36"
::1 - - [10/Mar/2020:15:28:57 +0000] "GET /assets/icons/mobile.png HTTP/1.1" 200 11476 "https://localhost:3001/choose-format" "Mozilla/5.0 (Macintosh; Intel Mac OS X 10_13_4) AppleWebKit/537.36 (KHTML, like Gecko) Chrome/80.0.3987.122 Safari/537.36"
::1 - - [10/Mar/2020:15:28:57 +0000] "GET /assets/icons/back.png HTTP/1.1" 200 64334 "https://localhost:3001/choose-format" "Mozilla/5.0 (Macintosh; Intel Mac OS X 10_13_4) AppleWebKit/537.36 (KHTML, like Gecko) Chrome/80.0.3987.122 Safari/537.36"
::1 - - [10/Mar/2020:15:28:57 +0000] "GET /assets/icons/Both.png HTTP/1.1" 200 82251 "https://localhost:3001/choose-format" "Mozilla/5.0 (Macintosh; Intel Mac OS X 10_13_4) AppleWebKit/537.36 (KHTML, like Gecko) Chrome/80.0.3987.122 Safari/537.36"
::1 - - [10/Mar/2020:15:28:58 +0000] "GET /assets/icons/desktopBig.png HTTP/1.1" 200 74642 "https://localhost:3001/choose-format" "Mozilla/5.0 (Macintosh; Intel Mac OS X 10_13_4) AppleWebKit/537.36 (KHTML, like Gecko) Chrome/80.0.3987.122 Safari/537.36"
::1 - - [10/Mar/2020:15:28:58 +0000] "GET /choose-upload/mobile-and-desktop HTTP/1.1" 200 - "https://localhost:3001/choose-format" "Mozilla/5.0 (Macintosh; Intel Mac OS X 10_13_4) AppleWebKit/537.36 (KHTML, like Gecko) Chrome/80.0.3987.122 Safari/537.36"
::1 - - [10/Mar/2020:15:28:59 +0000] "GET /css/app.css HTTP/1.1" 304 - "https://localhost:3001/choose-upload/mobile-and-desktop" "Mozilla/5.0 (Macintosh; Intel Mac OS X 10_13_4) AppleWebKit/537.36 (KHTML, like Gecko) Chrome/80.0.3987.122 Safari/537.36"
::1 - - [10/Mar/2020:15:28:59 +0000] "GET /js/appClient.js HTTP/1.1" 304 - "https://localhost:3001/choose-upload/mobile-and-desktop" "Mozilla/5.0 (Macintosh; Intel Mac OS X 10_13_4) AppleWebKit/537.36 (KHTML, like Gecko) Chrome/80.0.3987.122 Safari/537.36"
::1 - - [10/Mar/2020:15:28:59 +0000] "GET /public/config/local.js HTTP/1.1" 404 782 "https://localhost:3001/choose-upload/mobile-and-desktop" "Mozilla/5.0 (Macintosh; Intel Mac OS X 10_13_4) AppleWebKit/537.36 (KHTML, like Gecko) Chrome/80.0.3987.122 Safari/537.36"
::1 - - [10/Mar/2020:15:28:59 +0000] "GET /assets/icons/home.png HTTP/1.1" 304 - "https://localhost:3001/choose-upload/mobile-and-desktop" "Mozilla/5.0 (Macintosh; Intel Mac OS X 10_13_4) AppleWebKit/537.36 (KHTML, like Gecko) Chrome/80.0.3987.122 Safari/537.36"
::1 - - [10/Mar/2020:15:28:59 +0000] "GET /assets/icons/back.png HTTP/1.1" 304 - "https://localhost:3001/choose-upload/mobile-and-desktop" "Mozilla/5.0 (Macintosh; Intel Mac OS X 10_13_4) AppleWebKit/537.36 (KHTML, like Gecko) Chrome/80.0.3987.122 Safari/537.36"
::1 - - [10/Mar/2020:15:28:59 +0000] "GET /assets/icons/mobile.png HTTP/1.1" 304 - "https://localhost:3001/choose-upload/mobile-and-desktop" "Mozilla/5.0 (Macintosh; Intel Mac OS X 10_13_4) AppleWebKit/537.36 (KHTML, like Gecko) Chrome/80.0.3987.122 Safari/537.36"
::1 - - [10/Mar/2020:15:28:59 +0000] "GET /assets/icons/desktopSmall.png HTTP/1.1" 200 69426 "https://localhost:3001/choose-upload/mobile-and-desktop" "Mozilla/5.0 (Macintosh; Intel Mac OS X 10_13_4) AppleWebKit/537.36 (KHTML, like Gecko) Chrome/80.0.3987.122 Safari/537.36"
::1 - - [10/Mar/2020:15:28:59 +0000] "GET /assets/icons/file.png HTTP/1.1" 200 36852 "https://localhost:3001/choose-upload/mobile-and-desktop" "Mozilla/5.0 (Macintosh; Intel Mac OS X 10_13_4) AppleWebKit/537.36 (KHTML, like Gecko) Chrome/80.0.3987.122 Safari/537.36"
::1 - - [10/Mar/2020:15:28:59 +0000] "GET /assets/icons/keyboard.png HTTP/1.1" 200 121862 "https://localhost:3001/choose-upload/mobile-and-desktop" "Mozilla/5.0 (Macintosh; Intel Mac OS X 10_13_4) AppleWebKit/537.36 (KHTML, like Gecko) Chrome/80.0.3987.122 Safari/537.36"
::1 - - [10/Mar/2020:15:29:01 +0000] "GET /choose-upload/mobile HTTP/1.1" 200 - "https://localhost:3001/choose-upload/mobile-and-desktop" "Mozilla/5.0 (Macintosh; Intel Mac OS X 10_13_4) AppleWebKit/537.36 (KHTML, like Gecko) Chrome/80.0.3987.122 Safari/537.36"
::1 - - [10/Mar/2020:15:29:01 +0000] "GET /css/app.css HTTP/1.1" 304 - "https://localhost:3001/choose-upload/mobile" "Mozilla/5.0 (Macintosh; Intel Mac OS X 10_13_4) AppleWebKit/537.36 (KHTML, like Gecko) Chrome/80.0.3987.122 Safari/537.36"
::1 - - [10/Mar/2020:15:29:01 +0000] "GET /js/appClient.js HTTP/1.1" 304 - "https://localhost:3001/choose-upload/mobile" "Mozilla/5.0 (Macintosh; Intel Mac OS X 10_13_4) AppleWebKit/537.36 (KHTML, like Gecko) Chrome/80.0.3987.122 Safari/537.36"
::1 - - [10/Mar/2020:15:29:01 +0000] "GET /assets/icons/back.png HTTP/1.1" 304 - "https://localhost:3001/choose-upload/mobile" "Mozilla/5.0 (Macintosh; Intel Mac OS X 10_13_4) AppleWebKit/537.36 (KHTML, like Gecko) Chrome/80.0.3987.122 Safari/537.36"
::1 - - [10/Mar/2020:15:29:01 +0000] "GET /assets/icons/home.png HTTP/1.1" 304 - "https://localhost:3001/choose-upload/mobile" "Mozilla/5.0 (Macintosh; Intel Mac OS X 10_13_4) AppleWebKit/537.36 (KHTML, like Gecko) Chrome/80.0.3987.122 Safari/537.36"
::1 - - [10/Mar/2020:15:29:01 +0000] "GET /public/config/local.js HTTP/1.1" 404 782 "https://localhost:3001/choose-upload/mobile" "Mozilla/5.0 (Macintosh; Intel Mac OS X 10_13_4) AppleWebKit/537.36 (KHTML, like Gecko) Chrome/80.0.3987.122 Safari/537.36"
::1 - - [10/Mar/2020:15:29:01 +0000] "GET /assets/icons/desktopSmall.png HTTP/1.1" 304 - "https://localhost:3001/choose-upload/mobile" "Mozilla/5.0 (Macintosh; Intel Mac OS X 10_13_4) AppleWebKit/537.36 (KHTML, like Gecko) Chrome/80.0.3987.122 Safari/537.36"
::1 - - [10/Mar/2020:15:29:01 +0000] "GET /assets/icons/both.png HTTP/1.1" 200 82251 "https://localhost:3001/choose-upload/mobile" "Mozilla/5.0 (Macintosh; Intel Mac OS X 10_13_4) AppleWebKit/537.36 (KHTML, like Gecko) Chrome/80.0.3987.122 Safari/537.36"
::1 - - [10/Mar/2020:15:29:01 +0000] "GET /assets/icons/file.png HTTP/1.1" 304 - "https://localhost:3001/choose-upload/mobile" "Mozilla/5.0 (Macintosh; Intel Mac OS X 10_13_4) AppleWebKit/537.36 (KHTML, like Gecko) Chrome/80.0.3987.122 Safari/537.36"
::1 - - [10/Mar/2020:15:29:01 +0000] "GET /assets/icons/keyboard.png HTTP/1.1" 304 - "https://localhost:3001/choose-upload/mobile" "Mozilla/5.0 (Macintosh; Intel Mac OS X 10_13_4) AppleWebKit/537.36 (KHTML, like Gecko) Chrome/80.0.3987.122 Safari/537.36"
